{"/Users/novoa/Desktop/thp/test/Pulse/functions.js": {"path":"/Users/novoa/Desktop/thp/test/Pulse/functions.js","statementMap":{"0":{"start":{"line":1,"column":14},"end":{"line":1,"column":30}},"1":{"start":{"line":3,"column":14},"end":{"line":3,"column":72}},"2":{"start":{"line":5,"column":14},"end":{"line":10,"column":1}},"3":{"start":{"line":12,"column":12},"end":{"line":18,"column":2}},"4":{"start":{"line":20,"column":18},"end":{"line":665,"column":1}},"5":{"start":{"line":25,"column":23},"end":{"line":27,"column":14}},"6":{"start":{"line":28,"column":12},"end":{"line":28,"column":48}},"7":{"start":{"line":29,"column":24},"end":{"line":29,"column":105}},"8":{"start":{"line":30,"column":12},"end":{"line":30,"column":71}},"9":{"start":{"line":32,"column":25},"end":{"line":32,"column":44}},"10":{"start":{"line":33,"column":27},"end":{"line":33,"column":38}},"11":{"start":{"line":35,"column":12},"end":{"line":39,"column":14}},"12":{"start":{"line":40,"column":12},"end":{"line":40,"column":47}},"13":{"start":{"line":41,"column":25},"end":{"line":41,"column":105}},"14":{"start":{"line":43,"column":12},"end":{"line":43,"column":53}},"15":{"start":{"line":46,"column":12},"end":{"line":50,"column":14}},"16":{"start":{"line":51,"column":12},"end":{"line":51,"column":49}},"17":{"start":{"line":52,"column":25},"end":{"line":52,"column":110}},"18":{"start":{"line":53,"column":12},"end":{"line":53,"column":55}},"19":{"start":{"line":55,"column":26},"end":{"line":55,"column":44}},"20":{"start":{"line":57,"column":12},"end":{"line":69,"column":14}},"21":{"start":{"line":70,"column":12},"end":{"line":70,"column":48}},"22":{"start":{"line":71,"column":25},"end":{"line":71,"column":100}},"23":{"start":{"line":72,"column":12},"end":{"line":72,"column":54}},"24":{"start":{"line":73,"column":12},"end":{"line":73,"column":24}},"25":{"start":{"line":77,"column":23},"end":{"line":79,"column":14}},"26":{"start":{"line":80,"column":12},"end":{"line":80,"column":48}},"27":{"start":{"line":81,"column":24},"end":{"line":81,"column":105}},"28":{"start":{"line":82,"column":12},"end":{"line":82,"column":71}},"29":{"start":{"line":84,"column":25},"end":{"line":84,"column":44}},"30":{"start":{"line":85,"column":27},"end":{"line":85,"column":38}},"31":{"start":{"line":87,"column":12},"end":{"line":91,"column":14}},"32":{"start":{"line":92,"column":12},"end":{"line":92,"column":47}},"33":{"start":{"line":93,"column":25},"end":{"line":93,"column":105}},"34":{"start":{"line":95,"column":12},"end":{"line":95,"column":53}},"35":{"start":{"line":98,"column":12},"end":{"line":102,"column":14}},"36":{"start":{"line":103,"column":12},"end":{"line":103,"column":49}},"37":{"start":{"line":104,"column":25},"end":{"line":104,"column":110}},"38":{"start":{"line":105,"column":12},"end":{"line":105,"column":55}},"39":{"start":{"line":107,"column":26},"end":{"line":107,"column":44}},"40":{"start":{"line":109,"column":12},"end":{"line":121,"column":14}},"41":{"start":{"line":122,"column":12},"end":{"line":122,"column":48}},"42":{"start":{"line":123,"column":25},"end":{"line":123,"column":100}},"43":{"start":{"line":124,"column":12},"end":{"line":124,"column":54}},"44":{"start":{"line":125,"column":12},"end":{"line":125,"column":24}},"45":{"start":{"line":128,"column":23},"end":{"line":130,"column":14}},"46":{"start":{"line":131,"column":12},"end":{"line":131,"column":48}},"47":{"start":{"line":132,"column":24},"end":{"line":132,"column":105}},"48":{"start":{"line":133,"column":12},"end":{"line":133,"column":71}},"49":{"start":{"line":135,"column":25},"end":{"line":135,"column":44}},"50":{"start":{"line":136,"column":27},"end":{"line":136,"column":38}},"51":{"start":{"line":138,"column":12},"end":{"line":142,"column":14}},"52":{"start":{"line":143,"column":12},"end":{"line":143,"column":47}},"53":{"start":{"line":144,"column":25},"end":{"line":144,"column":105}},"54":{"start":{"line":146,"column":12},"end":{"line":146,"column":53}},"55":{"start":{"line":149,"column":12},"end":{"line":153,"column":14}},"56":{"start":{"line":154,"column":12},"end":{"line":154,"column":49}},"57":{"start":{"line":155,"column":25},"end":{"line":155,"column":110}},"58":{"start":{"line":156,"column":12},"end":{"line":156,"column":55}},"59":{"start":{"line":158,"column":26},"end":{"line":158,"column":44}},"60":{"start":{"line":160,"column":12},"end":{"line":172,"column":14}},"61":{"start":{"line":173,"column":12},"end":{"line":173,"column":48}},"62":{"start":{"line":174,"column":25},"end":{"line":174,"column":100}},"63":{"start":{"line":175,"column":12},"end":{"line":175,"column":54}},"64":{"start":{"line":176,"column":12},"end":{"line":176,"column":24}},"65":{"start":{"line":183,"column":23},"end":{"line":185,"column":14}},"66":{"start":{"line":186,"column":12},"end":{"line":186,"column":48}},"67":{"start":{"line":187,"column":24},"end":{"line":187,"column":105}},"68":{"start":{"line":188,"column":12},"end":{"line":188,"column":71}},"69":{"start":{"line":190,"column":25},"end":{"line":190,"column":44}},"70":{"start":{"line":191,"column":27},"end":{"line":191,"column":38}},"71":{"start":{"line":193,"column":12},"end":{"line":197,"column":14}},"72":{"start":{"line":198,"column":12},"end":{"line":198,"column":47}},"73":{"start":{"line":199,"column":25},"end":{"line":199,"column":105}},"74":{"start":{"line":201,"column":12},"end":{"line":201,"column":53}},"75":{"start":{"line":204,"column":12},"end":{"line":208,"column":14}},"76":{"start":{"line":209,"column":12},"end":{"line":209,"column":49}},"77":{"start":{"line":210,"column":25},"end":{"line":210,"column":110}},"78":{"start":{"line":211,"column":12},"end":{"line":211,"column":55}},"79":{"start":{"line":213,"column":26},"end":{"line":213,"column":44}},"80":{"start":{"line":215,"column":12},"end":{"line":227,"column":14}},"81":{"start":{"line":228,"column":12},"end":{"line":228,"column":48}},"82":{"start":{"line":229,"column":25},"end":{"line":229,"column":100}},"83":{"start":{"line":230,"column":12},"end":{"line":230,"column":54}},"84":{"start":{"line":231,"column":12},"end":{"line":231,"column":24}},"85":{"start":{"line":235,"column":23},"end":{"line":237,"column":14}},"86":{"start":{"line":238,"column":12},"end":{"line":238,"column":48}},"87":{"start":{"line":239,"column":24},"end":{"line":239,"column":105}},"88":{"start":{"line":240,"column":12},"end":{"line":240,"column":71}},"89":{"start":{"line":242,"column":25},"end":{"line":242,"column":44}},"90":{"start":{"line":243,"column":27},"end":{"line":243,"column":38}},"91":{"start":{"line":245,"column":12},"end":{"line":249,"column":14}},"92":{"start":{"line":250,"column":12},"end":{"line":250,"column":47}},"93":{"start":{"line":251,"column":25},"end":{"line":251,"column":105}},"94":{"start":{"line":253,"column":12},"end":{"line":253,"column":53}},"95":{"start":{"line":256,"column":12},"end":{"line":260,"column":14}},"96":{"start":{"line":261,"column":12},"end":{"line":261,"column":49}},"97":{"start":{"line":262,"column":25},"end":{"line":262,"column":110}},"98":{"start":{"line":263,"column":12},"end":{"line":263,"column":55}},"99":{"start":{"line":265,"column":26},"end":{"line":265,"column":44}},"100":{"start":{"line":267,"column":12},"end":{"line":279,"column":14}},"101":{"start":{"line":280,"column":12},"end":{"line":280,"column":48}},"102":{"start":{"line":281,"column":25},"end":{"line":281,"column":100}},"103":{"start":{"line":282,"column":12},"end":{"line":282,"column":54}},"104":{"start":{"line":283,"column":12},"end":{"line":283,"column":24}},"105":{"start":{"line":286,"column":23},"end":{"line":288,"column":14}},"106":{"start":{"line":289,"column":12},"end":{"line":289,"column":48}},"107":{"start":{"line":290,"column":24},"end":{"line":290,"column":105}},"108":{"start":{"line":291,"column":12},"end":{"line":291,"column":71}},"109":{"start":{"line":293,"column":25},"end":{"line":293,"column":44}},"110":{"start":{"line":294,"column":27},"end":{"line":294,"column":38}},"111":{"start":{"line":296,"column":12},"end":{"line":300,"column":14}},"112":{"start":{"line":301,"column":12},"end":{"line":301,"column":47}},"113":{"start":{"line":302,"column":25},"end":{"line":302,"column":105}},"114":{"start":{"line":304,"column":12},"end":{"line":304,"column":53}},"115":{"start":{"line":307,"column":12},"end":{"line":311,"column":14}},"116":{"start":{"line":312,"column":12},"end":{"line":312,"column":49}},"117":{"start":{"line":313,"column":25},"end":{"line":313,"column":110}},"118":{"start":{"line":314,"column":12},"end":{"line":314,"column":55}},"119":{"start":{"line":316,"column":26},"end":{"line":316,"column":44}},"120":{"start":{"line":318,"column":12},"end":{"line":330,"column":14}},"121":{"start":{"line":331,"column":12},"end":{"line":331,"column":48}},"122":{"start":{"line":332,"column":25},"end":{"line":332,"column":100}},"123":{"start":{"line":333,"column":12},"end":{"line":333,"column":54}},"124":{"start":{"line":334,"column":12},"end":{"line":334,"column":24}},"125":{"start":{"line":341,"column":23},"end":{"line":343,"column":14}},"126":{"start":{"line":344,"column":12},"end":{"line":344,"column":48}},"127":{"start":{"line":345,"column":24},"end":{"line":345,"column":105}},"128":{"start":{"line":346,"column":12},"end":{"line":346,"column":71}},"129":{"start":{"line":348,"column":25},"end":{"line":348,"column":44}},"130":{"start":{"line":349,"column":27},"end":{"line":349,"column":38}},"131":{"start":{"line":351,"column":12},"end":{"line":355,"column":14}},"132":{"start":{"line":356,"column":12},"end":{"line":356,"column":47}},"133":{"start":{"line":357,"column":25},"end":{"line":357,"column":105}},"134":{"start":{"line":359,"column":12},"end":{"line":359,"column":53}},"135":{"start":{"line":362,"column":12},"end":{"line":366,"column":14}},"136":{"start":{"line":367,"column":12},"end":{"line":367,"column":49}},"137":{"start":{"line":368,"column":25},"end":{"line":368,"column":110}},"138":{"start":{"line":369,"column":12},"end":{"line":369,"column":55}},"139":{"start":{"line":371,"column":26},"end":{"line":371,"column":44}},"140":{"start":{"line":373,"column":12},"end":{"line":385,"column":14}},"141":{"start":{"line":386,"column":12},"end":{"line":386,"column":48}},"142":{"start":{"line":387,"column":25},"end":{"line":387,"column":100}},"143":{"start":{"line":388,"column":12},"end":{"line":388,"column":54}},"144":{"start":{"line":389,"column":12},"end":{"line":389,"column":24}},"145":{"start":{"line":393,"column":23},"end":{"line":395,"column":14}},"146":{"start":{"line":396,"column":12},"end":{"line":396,"column":48}},"147":{"start":{"line":397,"column":24},"end":{"line":397,"column":105}},"148":{"start":{"line":398,"column":12},"end":{"line":398,"column":71}},"149":{"start":{"line":400,"column":25},"end":{"line":400,"column":44}},"150":{"start":{"line":401,"column":27},"end":{"line":401,"column":38}},"151":{"start":{"line":403,"column":12},"end":{"line":407,"column":14}},"152":{"start":{"line":408,"column":12},"end":{"line":408,"column":47}},"153":{"start":{"line":409,"column":25},"end":{"line":409,"column":105}},"154":{"start":{"line":411,"column":12},"end":{"line":411,"column":53}},"155":{"start":{"line":414,"column":12},"end":{"line":418,"column":14}},"156":{"start":{"line":419,"column":12},"end":{"line":419,"column":49}},"157":{"start":{"line":420,"column":25},"end":{"line":420,"column":110}},"158":{"start":{"line":421,"column":12},"end":{"line":421,"column":55}},"159":{"start":{"line":423,"column":26},"end":{"line":423,"column":44}},"160":{"start":{"line":425,"column":12},"end":{"line":437,"column":14}},"161":{"start":{"line":438,"column":12},"end":{"line":438,"column":48}},"162":{"start":{"line":439,"column":25},"end":{"line":439,"column":100}},"163":{"start":{"line":440,"column":12},"end":{"line":440,"column":54}},"164":{"start":{"line":441,"column":12},"end":{"line":441,"column":24}},"165":{"start":{"line":444,"column":23},"end":{"line":446,"column":14}},"166":{"start":{"line":447,"column":12},"end":{"line":447,"column":48}},"167":{"start":{"line":448,"column":24},"end":{"line":448,"column":105}},"168":{"start":{"line":449,"column":12},"end":{"line":449,"column":71}},"169":{"start":{"line":451,"column":25},"end":{"line":451,"column":44}},"170":{"start":{"line":452,"column":27},"end":{"line":452,"column":38}},"171":{"start":{"line":454,"column":12},"end":{"line":458,"column":14}},"172":{"start":{"line":459,"column":12},"end":{"line":459,"column":47}},"173":{"start":{"line":460,"column":25},"end":{"line":460,"column":105}},"174":{"start":{"line":462,"column":12},"end":{"line":462,"column":53}},"175":{"start":{"line":465,"column":12},"end":{"line":469,"column":14}},"176":{"start":{"line":470,"column":12},"end":{"line":470,"column":49}},"177":{"start":{"line":471,"column":25},"end":{"line":471,"column":110}},"178":{"start":{"line":472,"column":12},"end":{"line":472,"column":55}},"179":{"start":{"line":474,"column":26},"end":{"line":474,"column":44}},"180":{"start":{"line":476,"column":12},"end":{"line":488,"column":14}},"181":{"start":{"line":489,"column":12},"end":{"line":489,"column":48}},"182":{"start":{"line":490,"column":25},"end":{"line":490,"column":100}},"183":{"start":{"line":491,"column":12},"end":{"line":491,"column":54}},"184":{"start":{"line":492,"column":12},"end":{"line":492,"column":24}},"185":{"start":{"line":496,"column":19},"end":{"line":498,"column":10}},"186":{"start":{"line":499,"column":8},"end":{"line":499,"column":44}},"187":{"start":{"line":500,"column":20},"end":{"line":500,"column":101}},"188":{"start":{"line":501,"column":8},"end":{"line":501,"column":67}},"189":{"start":{"line":503,"column":21},"end":{"line":503,"column":40}},"190":{"start":{"line":504,"column":23},"end":{"line":504,"column":34}},"191":{"start":{"line":506,"column":8},"end":{"line":510,"column":10}},"192":{"start":{"line":511,"column":8},"end":{"line":511,"column":43}},"193":{"start":{"line":512,"column":21},"end":{"line":512,"column":101}},"194":{"start":{"line":514,"column":8},"end":{"line":514,"column":49}},"195":{"start":{"line":517,"column":8},"end":{"line":521,"column":10}},"196":{"start":{"line":522,"column":8},"end":{"line":522,"column":45}},"197":{"start":{"line":523,"column":21},"end":{"line":523,"column":106}},"198":{"start":{"line":524,"column":8},"end":{"line":524,"column":51}},"199":{"start":{"line":526,"column":22},"end":{"line":526,"column":40}},"200":{"start":{"line":528,"column":8},"end":{"line":545,"column":10}},"201":{"start":{"line":546,"column":8},"end":{"line":546,"column":44}},"202":{"start":{"line":547,"column":21},"end":{"line":547,"column":96}},"203":{"start":{"line":548,"column":8},"end":{"line":548,"column":50}},"204":{"start":{"line":549,"column":8},"end":{"line":549,"column":20}},"205":{"start":{"line":552,"column":19},"end":{"line":554,"column":10}},"206":{"start":{"line":555,"column":8},"end":{"line":555,"column":44}},"207":{"start":{"line":556,"column":20},"end":{"line":556,"column":101}},"208":{"start":{"line":557,"column":8},"end":{"line":557,"column":67}},"209":{"start":{"line":559,"column":21},"end":{"line":559,"column":40}},"210":{"start":{"line":560,"column":23},"end":{"line":560,"column":34}},"211":{"start":{"line":562,"column":8},"end":{"line":566,"column":10}},"212":{"start":{"line":567,"column":8},"end":{"line":567,"column":43}},"213":{"start":{"line":568,"column":21},"end":{"line":568,"column":101}},"214":{"start":{"line":570,"column":8},"end":{"line":570,"column":49}},"215":{"start":{"line":573,"column":8},"end":{"line":577,"column":10}},"216":{"start":{"line":578,"column":8},"end":{"line":578,"column":45}},"217":{"start":{"line":579,"column":21},"end":{"line":579,"column":106}},"218":{"start":{"line":580,"column":8},"end":{"line":580,"column":51}},"219":{"start":{"line":582,"column":22},"end":{"line":582,"column":40}},"220":{"start":{"line":584,"column":8},"end":{"line":602,"column":10}},"221":{"start":{"line":603,"column":8},"end":{"line":603,"column":44}},"222":{"start":{"line":604,"column":21},"end":{"line":604,"column":96}},"223":{"start":{"line":605,"column":8},"end":{"line":605,"column":50}},"224":{"start":{"line":606,"column":8},"end":{"line":606,"column":20}},"225":{"start":{"line":609,"column":19},"end":{"line":611,"column":10}},"226":{"start":{"line":612,"column":8},"end":{"line":612,"column":44}},"227":{"start":{"line":613,"column":20},"end":{"line":613,"column":101}},"228":{"start":{"line":614,"column":8},"end":{"line":614,"column":67}},"229":{"start":{"line":616,"column":21},"end":{"line":616,"column":40}},"230":{"start":{"line":617,"column":23},"end":{"line":617,"column":34}},"231":{"start":{"line":619,"column":8},"end":{"line":623,"column":10}},"232":{"start":{"line":624,"column":8},"end":{"line":624,"column":43}},"233":{"start":{"line":625,"column":21},"end":{"line":625,"column":101}},"234":{"start":{"line":627,"column":8},"end":{"line":627,"column":49}},"235":{"start":{"line":630,"column":8},"end":{"line":634,"column":10}},"236":{"start":{"line":635,"column":8},"end":{"line":635,"column":45}},"237":{"start":{"line":636,"column":21},"end":{"line":636,"column":106}},"238":{"start":{"line":637,"column":8},"end":{"line":637,"column":51}},"239":{"start":{"line":639,"column":22},"end":{"line":639,"column":40}},"240":{"start":{"line":641,"column":8},"end":{"line":659,"column":10}},"241":{"start":{"line":660,"column":8},"end":{"line":660,"column":44}},"242":{"start":{"line":661,"column":21},"end":{"line":661,"column":96}},"243":{"start":{"line":662,"column":8},"end":{"line":662,"column":50}},"244":{"start":{"line":663,"column":8},"end":{"line":663,"column":20}},"245":{"start":{"line":667,"column":0},"end":{"line":667,"column":27}}},"fnMap":{"0":{"name":"(anonymous_0)","decl":{"start":{"line":22,"column":13},"end":{"line":22,"column":14}},"loc":{"start":{"line":22,"column":24},"end":{"line":75,"column":9}},"line":22},"1":{"name":"(anonymous_1)","decl":{"start":{"line":76,"column":13},"end":{"line":76,"column":14}},"loc":{"start":{"line":76,"column":24},"end":{"line":126,"column":9}},"line":76},"2":{"name":"(anonymous_2)","decl":{"start":{"line":127,"column":15},"end":{"line":127,"column":16}},"loc":{"start":{"line":127,"column":26},"end":{"line":177,"column":9}},"line":127},"3":{"name":"(anonymous_3)","decl":{"start":{"line":180,"column":13},"end":{"line":180,"column":14}},"loc":{"start":{"line":180,"column":24},"end":{"line":233,"column":9}},"line":180},"4":{"name":"(anonymous_4)","decl":{"start":{"line":234,"column":13},"end":{"line":234,"column":14}},"loc":{"start":{"line":234,"column":24},"end":{"line":284,"column":9}},"line":234},"5":{"name":"(anonymous_5)","decl":{"start":{"line":285,"column":15},"end":{"line":285,"column":16}},"loc":{"start":{"line":285,"column":26},"end":{"line":335,"column":9}},"line":285},"6":{"name":"(anonymous_6)","decl":{"start":{"line":338,"column":13},"end":{"line":338,"column":14}},"loc":{"start":{"line":338,"column":24},"end":{"line":391,"column":9}},"line":338},"7":{"name":"(anonymous_7)","decl":{"start":{"line":392,"column":13},"end":{"line":392,"column":14}},"loc":{"start":{"line":392,"column":24},"end":{"line":442,"column":9}},"line":392},"8":{"name":"(anonymous_8)","decl":{"start":{"line":443,"column":15},"end":{"line":443,"column":16}},"loc":{"start":{"line":443,"column":26},"end":{"line":493,"column":9}},"line":443},"9":{"name":"(anonymous_9)","decl":{"start":{"line":495,"column":10},"end":{"line":495,"column":11}},"loc":{"start":{"line":495,"column":21},"end":{"line":550,"column":5}},"line":495},"10":{"name":"(anonymous_10)","decl":{"start":{"line":551,"column":10},"end":{"line":551,"column":11}},"loc":{"start":{"line":551,"column":21},"end":{"line":607,"column":5}},"line":551},"11":{"name":"(anonymous_11)","decl":{"start":{"line":608,"column":9},"end":{"line":608,"column":10}},"loc":{"start":{"line":608,"column":20},"end":{"line":664,"column":5}},"line":608}},"branchMap":{},"s":{"0":1,"1":1,"2":1,"3":1,"4":1,"5":1,"6":1,"7":1,"8":1,"9":1,"10":1,"11":1,"12":1,"13":1,"14":1,"15":1,"16":1,"17":1,"18":1,"19":1,"20":1,"21":1,"22":1,"23":1,"24":1,"25":1,"26":1,"27":1,"28":1,"29":1,"30":1,"31":1,"32":1,"33":1,"34":1,"35":1,"36":1,"37":1,"38":1,"39":1,"40":1,"41":1,"42":1,"43":1,"44":1,"45":1,"46":1,"47":1,"48":1,"49":1,"50":1,"51":1,"52":1,"53":1,"54":1,"55":1,"56":1,"57":1,"58":1,"59":1,"60":1,"61":1,"62":1,"63":1,"64":1,"65":1,"66":1,"67":1,"68":1,"69":1,"70":1,"71":1,"72":1,"73":1,"74":1,"75":1,"76":1,"77":1,"78":1,"79":1,"80":1,"81":1,"82":1,"83":1,"84":1,"85":1,"86":1,"87":1,"88":1,"89":1,"90":1,"91":1,"92":1,"93":1,"94":1,"95":1,"96":1,"97":1,"98":1,"99":1,"100":1,"101":1,"102":1,"103":1,"104":1,"105":1,"106":1,"107":1,"108":1,"109":1,"110":1,"111":1,"112":1,"113":1,"114":1,"115":1,"116":1,"117":1,"118":1,"119":1,"120":1,"121":1,"122":1,"123":1,"124":1,"125":1,"126":1,"127":1,"128":1,"129":1,"130":1,"131":1,"132":1,"133":1,"134":1,"135":1,"136":1,"137":1,"138":1,"139":1,"140":1,"141":1,"142":1,"143":1,"144":1,"145":1,"146":1,"147":1,"148":1,"149":1,"150":1,"151":1,"152":1,"153":1,"154":1,"155":1,"156":1,"157":1,"158":1,"159":1,"160":1,"161":1,"162":1,"163":1,"164":1,"165":1,"166":1,"167":1,"168":1,"169":1,"170":1,"171":1,"172":1,"173":1,"174":1,"175":1,"176":1,"177":1,"178":1,"179":1,"180":1,"181":1,"182":1,"183":1,"184":1,"185":1,"186":1,"187":1,"188":1,"189":1,"190":1,"191":1,"192":1,"193":1,"194":1,"195":1,"196":1,"197":1,"198":1,"199":1,"200":1,"201":1,"202":1,"203":1,"204":1,"205":1,"206":1,"207":1,"208":1,"209":1,"210":1,"211":1,"212":1,"213":1,"214":1,"215":1,"216":1,"217":1,"218":1,"219":1,"220":1,"221":1,"222":1,"223":1,"224":1,"225":1,"226":1,"227":1,"228":1,"229":1,"230":1,"231":1,"232":1,"233":1,"234":1,"235":1,"236":1,"237":1,"238":1,"239":1,"240":1,"241":1,"242":1,"243":0,"244":0,"245":1},"f":{"0":1,"1":1,"2":1,"3":1,"4":1,"5":1,"6":1,"7":1,"8":1,"9":1,"10":1,"11":1},"b":{},"_coverageSchema":"1a1c01bbd47fc00a2c39e90264f33305004495a9","hash":"f2bb965be8bea87f7b452dce9c16521ab49682cb"}
}
