TN:
SF:test/Pulse/functions.js
FN:22,(anonymous_0)
FN:76,(anonymous_1)
FN:127,(anonymous_2)
FN:180,(anonymous_3)
FN:234,(anonymous_4)
FN:285,(anonymous_5)
FN:338,(anonymous_6)
FN:392,(anonymous_7)
FN:443,(anonymous_8)
FN:495,(anonymous_9)
FN:551,(anonymous_10)
FN:608,(anonymous_11)
FNF:12
FNH:12
FNDA:1,(anonymous_0)
FNDA:1,(anonymous_1)
FNDA:1,(anonymous_2)
FNDA:1,(anonymous_3)
FNDA:1,(anonymous_4)
FNDA:1,(anonymous_5)
FNDA:1,(anonymous_6)
FNDA:1,(anonymous_7)
FNDA:1,(anonymous_8)
FNDA:1,(anonymous_9)
FNDA:1,(anonymous_10)
FNDA:1,(anonymous_11)
DA:1,1
DA:3,1
DA:5,1
DA:12,1
DA:20,1
DA:25,1
DA:28,1
DA:29,1
DA:30,1
DA:32,1
DA:33,1
DA:35,1
DA:40,1
DA:41,1
DA:43,1
DA:46,1
DA:51,1
DA:52,1
DA:53,1
DA:55,1
DA:57,1
DA:70,1
DA:71,1
DA:72,1
DA:73,1
DA:77,1
DA:80,1
DA:81,1
DA:82,1
DA:84,1
DA:85,1
DA:87,1
DA:92,1
DA:93,1
DA:95,1
DA:98,1
DA:103,1
DA:104,1
DA:105,1
DA:107,1
DA:109,1
DA:122,1
DA:123,1
DA:124,1
DA:125,1
DA:128,1
DA:131,1
DA:132,1
DA:133,1
DA:135,1
DA:136,1
DA:138,1
DA:143,1
DA:144,1
DA:146,1
DA:149,1
DA:154,1
DA:155,1
DA:156,1
DA:158,1
DA:160,1
DA:173,1
DA:174,1
DA:175,1
DA:176,1
DA:183,1
DA:186,1
DA:187,1
DA:188,1
DA:190,1
DA:191,1
DA:193,1
DA:198,1
DA:199,1
DA:201,1
DA:204,1
DA:209,1
DA:210,1
DA:211,1
DA:213,1
DA:215,1
DA:228,1
DA:229,1
DA:230,1
DA:231,1
DA:235,1
DA:238,1
DA:239,1
DA:240,1
DA:242,1
DA:243,1
DA:245,1
DA:250,1
DA:251,1
DA:253,1
DA:256,1
DA:261,1
DA:262,1
DA:263,1
DA:265,1
DA:267,1
DA:280,1
DA:281,1
DA:282,1
DA:283,1
DA:286,1
DA:289,1
DA:290,1
DA:291,1
DA:293,1
DA:294,1
DA:296,1
DA:301,1
DA:302,1
DA:304,1
DA:307,1
DA:312,1
DA:313,1
DA:314,1
DA:316,1
DA:318,1
DA:331,1
DA:332,1
DA:333,1
DA:334,1
DA:341,1
DA:344,1
DA:345,1
DA:346,1
DA:348,1
DA:349,1
DA:351,1
DA:356,1
DA:357,1
DA:359,1
DA:362,1
DA:367,1
DA:368,1
DA:369,1
DA:371,1
DA:373,1
DA:386,1
DA:387,1
DA:388,1
DA:389,1
DA:393,1
DA:396,1
DA:397,1
DA:398,1
DA:400,1
DA:401,1
DA:403,1
DA:408,1
DA:409,1
DA:411,1
DA:414,1
DA:419,1
DA:420,1
DA:421,1
DA:423,1
DA:425,1
DA:438,1
DA:439,1
DA:440,1
DA:441,1
DA:444,1
DA:447,1
DA:448,1
DA:449,1
DA:451,1
DA:452,1
DA:454,1
DA:459,1
DA:460,1
DA:462,1
DA:465,1
DA:470,1
DA:471,1
DA:472,1
DA:474,1
DA:476,1
DA:489,1
DA:490,1
DA:491,1
DA:492,1
DA:496,1
DA:499,1
DA:500,1
DA:501,1
DA:503,1
DA:504,1
DA:506,1
DA:511,1
DA:512,1
DA:514,1
DA:517,1
DA:522,1
DA:523,1
DA:524,1
DA:526,1
DA:528,1
DA:546,1
DA:547,1
DA:548,1
DA:549,1
DA:552,1
DA:555,1
DA:556,1
DA:557,1
DA:559,1
DA:560,1
DA:562,1
DA:567,1
DA:568,1
DA:570,1
DA:573,1
DA:578,1
DA:579,1
DA:580,1
DA:582,1
DA:584,1
DA:603,1
DA:604,1
DA:605,1
DA:606,1
DA:609,1
DA:612,1
DA:613,1
DA:614,1
DA:616,1
DA:617,1
DA:619,1
DA:624,1
DA:625,1
DA:627,1
DA:630,1
DA:635,1
DA:636,1
DA:637,1
DA:639,1
DA:641,1
DA:660,1
DA:661,1
DA:662,0
DA:663,0
DA:667,1
LF:246
LH:244
BRF:0
BRH:0
end_of_record
